Tue Dec 13 2016 20:31:11 GMT+0800 (中国标准时间): Create a new worker 6576.
Tue Dec 13 2016 20:31:12 GMT+0800 (中国标准时间): Listening on http://localhost:8080
Tue Dec 13 2016 20:38:25 GMT+0800 (中国标准时间): (node:6576) DeprecationWarning: Using Buffer without `new` will soon stop working. Use `new Buffer()`, or preferably `Buffer.from()`, `Buffer.allocUnsafe()` or `Buffer.alloc()` instead.
Tue Dec 13 2016 20:38:25 GMT+0800 (中国标准时间): UncaughtException: Error: write EPIPE.
Tue Dec 13 2016 22:00:03 GMT+0800 (中国标准时间): Create a new worker 11656.
Tue Dec 13 2016 22:00:04 GMT+0800 (中国标准时间): Listening on http://localhost:8080
Tue Dec 13 2016 22:00:06 GMT+0800 (中国标准时间): (node:11656) DeprecationWarning: Using Buffer without `new` will soon stop working. Use `new Buffer()`, or preferably `Buffer.from()`, `Buffer.allocUnsafe()` or `Buffer.alloc()` instead.
Tue Dec 13 2016 22:00:06 GMT+0800 (中国标准时间): UncaughtException: Error: write EPIPE.
Tue Dec 13 2016 22:04:41 GMT+0800 (中国标准时间): Create a new worker 11612.
Tue Dec 13 2016 22:04:42 GMT+0800 (中国标准时间): Listening on http://localhost:8080
Tue Dec 13 2016 22:04:43 GMT+0800 (中国标准时间): (node:11612) DeprecationWarning: Using Buffer without `new` will soon stop working. Use `new Buffer()`, or preferably `Buffer.from()`, `Buffer.allocUnsafe()` or `Buffer.alloc()` instead.
Tue Dec 13 2016 22:04:43 GMT+0800 (中国标准时间): UncaughtException: Error: write EPIPE.
Tue Dec 13 2016 22:08:03 GMT+0800 (中国标准时间): Create a new worker 6060.
Tue Dec 13 2016 22:08:04 GMT+0800 (中国标准时间): Listening on http://localhost:8080
Tue Dec 13 2016 22:08:06 GMT+0800 (中国标准时间): (node:6060) DeprecationWarning: Using Buffer without `new` will soon stop working. Use `new Buffer()`, or preferably `Buffer.from()`, `Buffer.allocUnsafe()` or `Buffer.alloc()` instead.
Tue Dec 13 2016 22:08:06 GMT+0800 (中国标准时间): UncaughtException: Error: write EPIPE.
Tue Dec 13 2016 22:10:06 GMT+0800 (中国标准时间): Create a new worker 8480.
Tue Dec 13 2016 22:10:08 GMT+0800 (中国标准时间): Listening on http://localhost:8080
Tue Dec 13 2016 22:10:10 GMT+0800 (中国标准时间): (node:8480) DeprecationWarning: Using Buffer without `new` will soon stop working. Use `new Buffer()`, or preferably `Buffer.from()`, `Buffer.allocUnsafe()` or `Buffer.alloc()` instead.
Tue Dec 13 2016 22:10:10 GMT+0800 (中国标准时间): UncaughtException: Error: write EPIPE.
Tue Dec 13 2016 22:31:20 GMT+0800 (中国标准时间): Create a new worker 624.
Tue Dec 13 2016 22:31:22 GMT+0800 (中国标准时间): Listening on http://localhost:8080
Tue Dec 13 2016 22:31:23 GMT+0800 (中国标准时间): (node:624) DeprecationWarning: Using Buffer without `new` will soon stop working. Use `new Buffer()`, or preferably `Buffer.from()`, `Buffer.allocUnsafe()` or `Buffer.alloc()` instead.
Tue Dec 13 2016 22:31:23 GMT+0800 (中国标准时间): UncaughtException: Error: write EPIPE.
Wed Dec 14 2016 18:33:03 GMT+0800 (中国标准时间): Create a new worker 10952.
Wed Dec 14 2016 18:33:06 GMT+0800 (中国标准时间): Listening on http://localhost:8080
Wed Dec 14 2016 18:33:12 GMT+0800 (中国标准时间): (node:10952) DeprecationWarning: Using Buffer without `new` will soon stop working. Use `new Buffer()`, or preferably `Buffer.from()`, `Buffer.allocUnsafe()` or `Buffer.alloc()` instead.
Wed Dec 14 2016 18:33:12 GMT+0800 (中国标准时间): UncaughtException: Error: write EPIPE.
Wed Dec 14 2016 18:52:56 GMT+0800 (中国标准时间): Create a new worker 11672.
Wed Dec 14 2016 18:52:57 GMT+0800 (中国标准时间): Listening on http://localhost:8080
Wed Dec 14 2016 18:52:59 GMT+0800 (中国标准时间): (node:11672) DeprecationWarning: Using Buffer without `new` will soon stop working. Use `new Buffer()`, or preferably `Buffer.from()`, `Buffer.allocUnsafe()` or `Buffer.alloc()` instead.
Wed Dec 14 2016 18:52:59 GMT+0800 (中国标准时间): UncaughtException: Error: write EPIPE.
Wed Dec 14 2016 20:08:23 GMT+0800 (中国标准时间): Create a new worker 2052.
Wed Dec 14 2016 20:08:24 GMT+0800 (中国标准时间): Listening on http://localhost:8080
Wed Dec 14 2016 20:08:26 GMT+0800 (中国标准时间): (node:2052) DeprecationWarning: Using Buffer without `new` will soon stop working. Use `new Buffer()`, or preferably `Buffer.from()`, `Buffer.allocUnsafe()` or `Buffer.alloc()` instead.
Wed Dec 14 2016 20:08:26 GMT+0800 (中国标准时间): UncaughtException: Error: write EPIPE.
Wed Dec 14 2016 21:17:02 GMT+0800 (中国标准时间): Create a new worker 12236.
Wed Dec 14 2016 21:17:03 GMT+0800 (中国标准时间): Listening on http://localhost:8080
Wed Dec 14 2016 21:17:06 GMT+0800 (中国标准时间): (node:12236) DeprecationWarning: Using Buffer without `new` will soon stop working. Use `new Buffer()`, or preferably `Buffer.from()`, `Buffer.allocUnsafe()` or `Buffer.alloc()` instead.
Wed Dec 14 2016 21:17:06 GMT+0800 (中国标准时间): UncaughtException: Error: write EPIPE.
Wed Dec 14 2016 21:19:08 GMT+0800 (中国标准时间): Create a new worker 10616.
Wed Dec 14 2016 21:19:09 GMT+0800 (中国标准时间): Listening on http://localhost:8080
Wed Dec 14 2016 21:19:11 GMT+0800 (中国标准时间): (node:10616) DeprecationWarning: Using Buffer without `new` will soon stop working. Use `new Buffer()`, or preferably `Buffer.from()`, `Buffer.allocUnsafe()` or `Buffer.alloc()` instead.
Wed Dec 14 2016 21:19:11 GMT+0800 (中国标准时间): UncaughtException: Error: write EPIPE.
Wed Dec 14 2016 21:24:26 GMT+0800 (中国标准时间): Create a new worker 7200.
Wed Dec 14 2016 21:24:27 GMT+0800 (中国标准时间): Listening on http://localhost:8080
Wed Dec 14 2016 21:24:29 GMT+0800 (中国标准时间): (node:7200) DeprecationWarning: Using Buffer without `new` will soon stop working. Use `new Buffer()`, or preferably `Buffer.from()`, `Buffer.allocUnsafe()` or `Buffer.alloc()` instead.
Wed Dec 14 2016 21:24:29 GMT+0800 (中国标准时间): UncaughtException: Error: write EPIPE.
Wed Dec 14 2016 21:27:28 GMT+0800 (中国标准时间): Create a new worker 10904.
Wed Dec 14 2016 21:27:29 GMT+0800 (中国标准时间): Listening on http://localhost:8080
Wed Dec 14 2016 21:27:31 GMT+0800 (中国标准时间): (node:10904) DeprecationWarning: Using Buffer without `new` will soon stop working. Use `new Buffer()`, or preferably `Buffer.from()`, `Buffer.allocUnsafe()` or `Buffer.alloc()` instead.
Wed Dec 14 2016 21:27:31 GMT+0800 (中国标准时间): UncaughtException: Error: write EPIPE.
Wed Dec 14 2016 21:29:52 GMT+0800 (中国标准时间): Create a new worker 2100.
Wed Dec 14 2016 21:29:53 GMT+0800 (中国标准时间): Listening on http://localhost:8080
Wed Dec 14 2016 21:29:55 GMT+0800 (中国标准时间): (node:2100) DeprecationWarning: Using Buffer without `new` will soon stop working. Use `new Buffer()`, or preferably `Buffer.from()`, `Buffer.allocUnsafe()` or `Buffer.alloc()` instead.
Wed Dec 14 2016 21:29:55 GMT+0800 (中国标准时间): UncaughtException: Error: write EPIPE.
Wed Dec 14 2016 21:32:32 GMT+0800 (中国标准时间): Create a new worker 5544.
Wed Dec 14 2016 21:32:33 GMT+0800 (中国标准时间): Listening on http://localhost:8080
Wed Dec 14 2016 21:32:35 GMT+0800 (中国标准时间): (node:5544) DeprecationWarning: Using Buffer without `new` will soon stop working. Use `new Buffer()`, or preferably `Buffer.from()`, `Buffer.allocUnsafe()` or `Buffer.alloc()` instead.
Wed Dec 14 2016 21:32:35 GMT+0800 (中国标准时间): UncaughtException: Error: write EPIPE.
Wed Dec 14 2016 21:35:08 GMT+0800 (中国标准时间): Create a new worker 2472.
Wed Dec 14 2016 21:35:09 GMT+0800 (中国标准时间): Listening on http://localhost:8080
Wed Dec 14 2016 21:35:11 GMT+0800 (中国标准时间): (node:2472) DeprecationWarning: Using Buffer without `new` will soon stop working. Use `new Buffer()`, or preferably `Buffer.from()`, `Buffer.allocUnsafe()` or `Buffer.alloc()` instead.
Wed Dec 14 2016 21:35:11 GMT+0800 (中国标准时间): UncaughtException: Error: write EPIPE.
Wed Dec 14 2016 21:36:17 GMT+0800 (中国标准时间): Create a new worker 10488.
Wed Dec 14 2016 21:36:19 GMT+0800 (中国标准时间): Listening on http://localhost:8080
Wed Dec 14 2016 21:36:20 GMT+0800 (中国标准时间): (node:10488) DeprecationWarning: Using Buffer without `new` will soon stop working. Use `new Buffer()`, or preferably `Buffer.from()`, `Buffer.allocUnsafe()` or `Buffer.alloc()` instead.
Wed Dec 14 2016 21:36:20 GMT+0800 (中国标准时间): UncaughtException: Error: write EPIPE.
Wed Dec 14 2016 21:40:15 GMT+0800 (中国标准时间): Create a new worker 3288.
Wed Dec 14 2016 21:40:17 GMT+0800 (中国标准时间): Listening on http://localhost:8080
Wed Dec 14 2016 21:40:18 GMT+0800 (中国标准时间): (node:3288) DeprecationWarning: Using Buffer without `new` will soon stop working. Use `new Buffer()`, or preferably `Buffer.from()`, `Buffer.allocUnsafe()` or `Buffer.alloc()` instead.
Wed Dec 14 2016 21:40:18 GMT+0800 (中国标准时间): UncaughtException: Error: write EPIPE.
Wed Dec 14 2016 21:46:17 GMT+0800 (中国标准时间): Create a new worker 11712.
Wed Dec 14 2016 21:46:19 GMT+0800 (中国标准时间): Listening on http://localhost:8080
Wed Dec 14 2016 21:46:21 GMT+0800 (中国标准时间): (node:11712) DeprecationWarning: Using Buffer without `new` will soon stop working. Use `new Buffer()`, or preferably `Buffer.from()`, `Buffer.allocUnsafe()` or `Buffer.alloc()` instead.
Wed Dec 14 2016 21:46:21 GMT+0800 (中国标准时间): UncaughtException: Error: write EPIPE.
Wed Dec 14 2016 21:52:46 GMT+0800 (中国标准时间): Create a new worker 12144.
Wed Dec 14 2016 21:52:47 GMT+0800 (中国标准时间): Listening on http://localhost:8080
Wed Dec 14 2016 21:52:49 GMT+0800 (中国标准时间): (node:12144) DeprecationWarning: Using Buffer without `new` will soon stop working. Use `new Buffer()`, or preferably `Buffer.from()`, `Buffer.allocUnsafe()` or `Buffer.alloc()` instead.
Wed Dec 14 2016 21:52:49 GMT+0800 (中国标准时间): UncaughtException: Error: write EPIPE.
Wed Dec 14 2016 21:54:36 GMT+0800 (中国标准时间): Create a new worker 1748.
Wed Dec 14 2016 21:54:37 GMT+0800 (中国标准时间): Listening on http://localhost:8080
Wed Dec 14 2016 21:54:39 GMT+0800 (中国标准时间): (node:1748) DeprecationWarning: Using Buffer without `new` will soon stop working. Use `new Buffer()`, or preferably `Buffer.from()`, `Buffer.allocUnsafe()` or `Buffer.alloc()` instead.
Wed Dec 14 2016 21:54:39 GMT+0800 (中国标准时间): UncaughtException: Error: write EPIPE.
Wed Dec 14 2016 21:55:46 GMT+0800 (中国标准时间): Create a new worker 3608.
Wed Dec 14 2016 21:55:47 GMT+0800 (中国标准时间): Listening on http://localhost:8080
Wed Dec 14 2016 21:55:49 GMT+0800 (中国标准时间): (node:3608) DeprecationWarning: Using Buffer without `new` will soon stop working. Use `new Buffer()`, or preferably `Buffer.from()`, `Buffer.allocUnsafe()` or `Buffer.alloc()` instead.
Wed Dec 14 2016 21:55:49 GMT+0800 (中国标准时间): UncaughtException: Error: write EPIPE.
Wed Dec 14 2016 22:05:53 GMT+0800 (中国标准时间): Create a new worker 9080.
Wed Dec 14 2016 22:05:54 GMT+0800 (中国标准时间): Listening on http://localhost:8080
Wed Dec 14 2016 22:05:56 GMT+0800 (中国标准时间): (node:9080) DeprecationWarning: Using Buffer without `new` will soon stop working. Use `new Buffer()`, or preferably `Buffer.from()`, `Buffer.allocUnsafe()` or `Buffer.alloc()` instead.
Wed Dec 14 2016 22:05:56 GMT+0800 (中国标准时间): UncaughtException: Error: write EPIPE.
Wed Dec 14 2016 22:10:30 GMT+0800 (中国标准时间): Create a new worker 10832.
Wed Dec 14 2016 22:10:31 GMT+0800 (中国标准时间): Listening on http://localhost:8080
Wed Dec 14 2016 22:10:34 GMT+0800 (中国标准时间): (node:10832) DeprecationWarning: Using Buffer without `new` will soon stop working. Use `new Buffer()`, or preferably `Buffer.from()`, `Buffer.allocUnsafe()` or `Buffer.alloc()` instead.
Wed Dec 14 2016 22:10:34 GMT+0800 (中国标准时间): UncaughtException: Error: write EPIPE.
